<?xml version="1.0" encoding="UTF-8"?>
<!-- Generated by org.testng.reporters.JUnitXMLReporter -->
<testsuite ignored="0" hostname="DESKTOP-1B1BE1O" failures="0" tests="4" name="ChromeTest" time="17.388" errors="0" timestamp="2025-08-27T22:50:51 IST">
  <testcase classname="testScript.LoginTest" name="validUsernameAndPassword" time="2.728"/>
  <testcase classname="testScript.LoginTest" name="validUsernameInvalidPassword" time="0.978"/>
  <testcase classname="testScript.LoginTest" name="invalidUsernameValidPassword" time="0.947"/>
  <testcase classname="testScript.LoginTest" name="invalidUsernameAnddPassword" time="0.87"/>
</testsuite> <!-- ChromeTest -->
