<?xml version="1.0" encoding="UTF-8"?>
<testng-results ignored="0" total="1" passed="1" failed="0" skipped="0">
  <reporter-output>
  </reporter-output>
  <suite started-at="2025-08-28T08:10:38 IST" name="Suite" finished-at="2025-08-28T08:10:48 IST" duration-ms="9617">
    <groups>
    </groups>
    <test started-at="2025-08-28T08:10:38 IST" name="Test" finished-at="2025-08-28T08:10:48 IST" duration-ms="9617">
      <class name="testScript.AdminUsersTest">
        <test-method is-config="true" signature="browserInitilization(java.lang.String)[pri:0, instance:testScript.AdminUsersTest@14dd7b39]" started-at="2025-08-28T08:10:38 IST" name="browserInitilization" finished-at="2025-08-28T08:10:41 IST" duration-ms="3398" status="PASS">
          <params>
            <param index="0">
              <value>
                <![CDATA[chrome]]>
              </value>
            </param>
          </params>
          <reporter-output>
          </reporter-output>
        </test-method> <!-- browserInitilization -->
        <test-method signature="editAdminTest()[pri:2, instance:testScript.AdminUsersTest@14dd7b39]" started-at="2025-08-28T08:10:41 IST" name="editAdminTest" finished-at="2025-08-28T08:10:47 IST" duration-ms="5734" status="PASS">
          <reporter-output>
          </reporter-output>
        </test-method> <!-- editAdminTest -->
        <test-method is-config="true" signature="browserQuitAndClose(org.testng.ITestResult)[pri:0, instance:testScript.AdminUsersTest@14dd7b39]" started-at="2025-08-28T08:10:47 IST" name="browserQuitAndClose" finished-at="2025-08-28T08:10:48 IST" duration-ms="397" status="PASS">
          <params>
            <param index="0">
              <value>
                <![CDATA[[TestResult name=editAdminTest status=SUCCESS method=AdminUsersTest.editAdminTest()[pri:2, instance:testScript.AdminUsersTest@14dd7b39] output={null}]]]>
              </value>
            </param>
          </params>
          <reporter-output>
          </reporter-output>
        </test-method> <!-- browserQuitAndClose -->
      </class> <!-- testScript.AdminUsersTest -->
    </test> <!-- Test -->
  </suite> <!-- Suite -->
</testng-results>
