<?xml version="1.0" encoding="UTF-8"?>
<!-- Generated by org.testng.reporters.JUnitXMLReporter -->
<testsuite ignored="0" hostname="DESKTOP-1B1BE1O" failures="0" tests="4" name="Test" time="16.642" errors="0" timestamp="2025-08-27T23:23:09 IST">
  <testcase classname="testScript.LoginTest" name="validUsernameAndPassword" time="2.402"/>
  <testcase classname="testScript.LoginTest" name="validUsernameInvalidPassword" time="1.203"/>
  <testcase classname="testScript.LoginTest" name="invalidUsernameValidPassword" time="0.885"/>
  <testcase classname="testScript.LoginTest" name="invalidUsernameAnddPassword" time="0.908"/>
</testsuite> <!-- Test -->
