<?xml version="1.0" encoding="UTF-8"?>
<!-- Generated by org.testng.reporters.JUnitXMLReporter -->
<testsuite ignored="0" hostname="DESKTOP-1B1BE1O" failures="0" tests="4" name="Test" time="17.495" errors="0" timestamp="2025-08-27T22:56:16 IST">
  <testcase classname="testScript.LoginTest" name="validUsernameAndPassword" time="2.582"/>
  <testcase classname="testScript.LoginTest" name="validUsernameInvalidPassword" time="1.112"/>
  <testcase classname="testScript.LoginTest" name="invalidUsernameValidPassword" time="0.912"/>
  <testcase classname="testScript.LoginTest" name="invalidUsernameAnddPassword" time="0.939"/>
</testsuite> <!-- Test -->
