<?xml version="1.0" encoding="UTF-8"?>
<!-- Generated by org.testng.reporters.JUnitXMLReporter -->
<testsuite ignored="0" hostname="DESKTOP-1B1BE1O" failures="0" tests="10" name="Test" time="51.333" errors="0" timestamp="2025-09-08T03:44:59 IST">
  <testcase classname="testScript.LoginTest" name="verificationOfLoginWithValidUsernameAndPassword" time="2.534"/>
  <testcase classname="testScript.LoginTest" name="verificationOfLoginWithValidUsernameAndInvalidPassword" time="1.047"/>
  <testcase classname="testScript.LoginTest" name="verificationOfLoginWithInvalidUsernameAndValidPassword" time="0.949"/>
  <testcase classname="testScript.LoginTest" name="verificationOfLoginWithInvalidUsernameAnddPassword" time="0.806"/>
  <testcase classname="testScript.LogoutTest" name="testLogout" time="2.053"/>
  <testcase classname="testScript.ManageCategoryTest" name="editImage" time="3.352"/>
  <testcase classname="testScript.ManageCategoryTest" name="addNewCategory" time="3.182"/>
  <testcase classname="testScript.ManageNewsTest" name="postNewsTest" time="2.769"/>
  <testcase classname="testScript.ManageNewsTest" name="editNewsTest" time="3.207"/>
  <testcase classname="testScript.ManageFooterTextTest" name="editFooterText" time="3.427"/>
</testsuite> <!-- Test -->
