<?xml version="1.0" encoding="UTF-8"?>
<!-- Generated by org.testng.reporters.JUnitXMLReporter -->
<testsuite ignored="0" hostname="DESKTOP-1B1BE1O" failures="0" tests="10" name="Test" time="52.442" errors="0" timestamp="2025-09-08T16:12:04 IST">
  <testcase classname="testScript.LoginTest" name="verificationOfLoginWithValidUsernameAndPasswordTest" time="2.481"/>
  <testcase classname="testScript.LoginTest" name="verificationOfLoginWithValidUsernameAndInvalidPasswordTest" time="1.052"/>
  <testcase classname="testScript.LoginTest" name="verificationOfLoginWithInvalidUsernameAndValidPasswordTest" time="1.094"/>
  <testcase classname="testScript.LoginTest" name="verificationOfLoginWithInvalidUsernameAnddPasswordTest" time="0.766"/>
  <testcase classname="testScript.LogoutTest" name="logoutFromLoginPageTest" time="1.895"/>
  <testcase classname="testScript.ManageCategoryTest" name="updateImageOfAnExistingCategoryInManageCategoryTest" time="3.227"/>
  <testcase classname="testScript.ManageCategoryTest" name="addNewCategoryInManageCategoryTest" time="6.352"/>
  <testcase classname="testScript.ManageNewsTest" name="postANewsInManageNewsTest" time="2.651"/>
  <testcase classname="testScript.ManageNewsTest" name="updateANewsInManageNewsTest" time="2.691"/>
  <testcase classname="testScript.ManageFooterTextTest" name="editFooterTextInManageFooterText" time="3.341"/>
</testsuite> <!-- Test -->
