<?xml version="1.0" encoding="UTF-8"?>
<!-- Generated by org.testng.reporters.JUnitXMLReporter -->
<testsuite ignored="1" hostname="DESKTOP-1B1BE1O" failures="0" tests="1" name="Default test" time="8.171" errors="0" timestamp="2025-08-27T19:45:59 IST">
  <testcase classname="testScript.ManageNewsTest" name="editNewsTest" time="4.009"/>
  <testcase classname="testScript.ManageNewsTest" name="postNewsTest" time="0.0">
    <ignored/>
  </testcase> <!-- postNewsTest -->
</testsuite> <!-- Default test -->
